  main.cpp
d:\mygit\数据结构\数据结构实验4\数据结构实验4\hashdict.h(70): error C3646: “E”: 未知重写说明符
  d:\mygit\数据结构\数据结构实验4\数据结构实验4\hashdict.h(116): note: 参见对正在编译的 类 模板 实例化 "hashdict<Key,E>" 的引用
d:\mygit\数据结构\数据结构实验4\数据结构实验4\hashdict.h(70): error C3646: “hashSearch”: 未知重写说明符
d:\mygit\数据结构\数据结构实验4\数据结构实验4\hashdict.h(70): error C4430: 缺少类型说明符 - 假定为 int。注意: C++ 不支持默认 int
d:\mygit\数据结构\数据结构实验4\数据结构实验4\hashdict.h(70): error C2059: 语法错误:“(”
d:\mygit\数据结构\数据结构实验4\数据结构实验4\hashdict.h(121): error C2244: “hashdict<Key,E>::hashInsert”: 无法将函数定义与现有的声明匹配
  d:\mygit\数据结构\数据结构实验4\数据结构实验4\hashdict.h(121): note: 参见“hashdict<Key,E>::hashInsert”的声明
  d:\mygit\数据结构\数据结构实验4\数据结构实验4\hashdict.h(121): note: 定义
  d:\mygit\数据结构\数据结构实验4\数据结构实验4\hashdict.h(121): note: 'void hashdict<Key,E>::hashInsert(const Key &,const E &)'
  d:\mygit\数据结构\数据结构实验4\数据结构实验4\hashdict.h(121): note: 现有声明
  d:\mygit\数据结构\数据结构实验4\数据结构实验4\hashdict.h(121): note: 'int hashdict<Key,E>::hashInsert(const Key &,const E &)'
d:\mygit\数据结构\数据结构实验4\数据结构实验4\hashdict.h(135): error C2039: “hashSearch”: 不是“hashdict<Key,E>”的成员
d:\mygit\数据结构\数据结构实验4\数据结构实验4\hashdict.h(135): error C2447: “{”: 缺少函数标题(是否是老式的形式表?)
d:\mygit\数据结构\数据结构实验4\数据结构实验4\main.cpp(13): error C2259: “hashdict<Key,E>”: 不能实例化抽象类
  d:\mygit\数据结构\数据结构实验4\数据结构实验4\main.cpp(13): note: 由于下列成员:
  d:\mygit\数据结构\数据结构实验4\数据结构实验4\main.cpp(13): note: “void Dictionary<Key,E>::clear(void)”: 是抽象的
          with
          [
              Key=Key,
              E=E
          ]
  d:\mygit\数据结构\数据结构实验4\数据结构实验4\adt.h(20): note: 参见“Dictionary<Key,E>::clear”的声明
          with
          [
              Key=Key,
              E=E
          ]
  d:\mygit\数据结构\数据结构实验4\数据结构实验4\main.cpp(13): note: “void Dictionary<Key,E>::insert(const Key &,const E &)”: 是抽象的
          with
          [
              Key=Key,
              E=E
          ]
  d:\mygit\数据结构\数据结构实验4\数据结构实验4\adt.h(25): note: 参见“Dictionary<Key,E>::insert”的声明
          with
          [
              Key=Key,
              E=E
          ]
  d:\mygit\数据结构\数据结构实验4\数据结构实验4\main.cpp(13): note: “E Dictionary<Key,E>::remove(const Key &)”: 是抽象的
          with
          [
              Key=Key,
              E=E
          ]
  d:\mygit\数据结构\数据结构实验4\数据结构实验4\adt.h(32): note: 参见“Dictionary<Key,E>::remove”的声明
          with
          [
              Key=Key,
              E=E
          ]
  d:\mygit\数据结构\数据结构实验4\数据结构实验4\main.cpp(13): note: “E Dictionary<Key,E>::removeAny(void)”: 是抽象的
          with
          [
              Key=Key,
              E=E
          ]
  d:\mygit\数据结构\数据结构实验4\数据结构实验4\adt.h(36): note: 参见“Dictionary<Key,E>::removeAny”的声明
          with
          [
              Key=Key,
              E=E
          ]
  d:\mygit\数据结构\数据结构实验4\数据结构实验4\main.cpp(13): note: “E Dictionary<Key,E>::find(const Key &) const”: 是抽象的
          with
          [
              Key=Key,
              E=E
          ]
  d:\mygit\数据结构\数据结构实验4\数据结构实验4\adt.h(41): note: 参见“Dictionary<Key,E>::find”的声明
          with
          [
              Key=Key,
              E=E
          ]
  d:\mygit\数据结构\数据结构实验4\数据结构实验4\main.cpp(13): note: “int Dictionary<Key,E>::size(void)”: 是抽象的
          with
          [
              Key=Key,
              E=E
          ]
  d:\mygit\数据结构\数据结构实验4\数据结构实验4\adt.h(44): note: 参见“Dictionary<Key,E>::size”的声明
          with
          [
              Key=Key,
              E=E
          ]
d:\mygit\数据结构\数据结构实验4\数据结构实验4\main.cpp(13): error C2661: “hashdict<Key,E>::hashdict”: 没有重载函数接受 2 个参数
